<?xml version="1.0" encoding="UTF-8"?>
<!-- Generated by org.testng.reporters.JUnitReportReporter -->
<testsuite hostname="BLRCND52101547" failures="0" tests="1" name="Academy.validateNavigationBar" time="0.083" errors="0" timestamp="2020-12-23T12:07:01 IST" skipped="0">
  <testcase classname="Academy.validateNavigationBar" name="valiadeNavigatebar" time="0.083"/>
  <system-out/>
</testsuite> <!-- Academy.validateNavigationBar -->
