<?xml version="1.0" encoding="UTF-8"?>
<!-- Generated by org.testng.reporters.JUnitReportReporter -->
<testsuite hostname="BLRCND52101547" failures="0" tests="2" name="Academy.HomePage" time="15.525" errors="0" timestamp="2020-12-23T12:49:44 IST" skipped="0">
  <testcase classname="Academy.HomePage" name="basePageNavaigation" time="11.489"/>
  <system-out/>
  <testcase classname="Academy.HomePage" name="basePageNavaigation" time="4.036"/>
  <system-out/>
</testsuite> <!-- Academy.HomePage -->
