<?xml version="1.0" encoding="UTF-8"?>
<!-- Generated by org.testng.reporters.JUnitReportReporter -->
<testsuite skipped="0" hostname="BLRCND52101547" name="Academy.HomePage" tests="2" failures="0" timestamp="2020-12-23T19:51:30 IST" time="27.089" errors="0">
  <testcase name="basePageNavaigation" time="3.284" classname="Academy.HomePage"/>
  <system-out/>
  <testcase name="basePageNavaigation" time="23.805" classname="Academy.HomePage"/>
  <system-out/>
</testsuite> <!-- Academy.HomePage -->
