<?xml version="1.0" encoding="UTF-8"?>
<!-- Generated by org.testng.reporters.JUnitReportReporter -->
<testsuite skipped="0" hostname="BLRCND52101547" name="Academy.validateNavigationBar" tests="1" failures="0" timestamp="2020-12-23T19:51:30 IST" time="0.307" errors="0">
  <testcase name="valiadeNavigatebar" time="0.307" classname="Academy.validateNavigationBar"/>
  <system-out/>
</testsuite> <!-- Academy.validateNavigationBar -->
